Arguments: 
  D:\node.js\node.exe D:\node.js\node_modules\yarn\bin\yarn.js run performance

PATH: 
  D:\Python2\;D:\Python2\Scripts;C:\ProgramData\Oracle\Java\javapath;%APPCAN_PATH%;C:\Program Files (x86)\Intel\iCLS Client\;C:\Program Files\Intel\iCLS Client\;C:\WINDOWS\system32;C:\WINDOWS;C:\WINDOWS\System32\Wbem;C:\WINDOWS\System32\WindowsPowerShell\v1.0\;C:\Program Files (x86)\Intel\Intel(R) Management Engine Components\DAL;C:\Program Files\Intel\Intel(R) Management Engine Components\DAL;C:\Program Files (x86)\Intel\Intel(R) Management Engine Components\IPT;C:\Program Files\Intel\Intel(R) Management Engine Components\IPT;C:\Program Files (x86)\ATI Technologies\ATI.ACE\Core-Static;C:\Program Files (x86)\Common Files\lenovo\easyplussdk\bin;D:\idea_IDE\idea\jdk8u111\bin;D:\idea_IDE\idea\jdk8u111\jre\bin;D:\TomCat\apache-tomcat-7.0.69\bin;D:\axis2-1.7.2-bin\axis2-1.7.2\bin;G:\apache-maven\apache-maven-3.3.9-bin\apache-maven-3.3.9\bin;D:\Slik-Subversion-1.9.4-x64\bin;D:\Git\Git\cmd;D:\Redis;D:\Python2;D:\andriod\sdk\tools;D:\andriod\sdk\platform-tools;D:\Git\Git\bin\git.exe;D:\mongdb\bin;D:\apache-groovy-sdk-2.4.10\groovy-2.4.10\bin;D:\tools_zip\gradle-3.5-all\gradle-3.5\bin;C:\Program Files (x86)\Heimdal\bin\;C:\Program Files\Heimdal\bin\;F:\vagrant\bin;C:\Program Files\MIT\Kerberos\bin;C:\Program Files\TortoiseSVN\bin;D:\mysql\mysql-5.7.16-winx86_64\mysql-5.7.16-winx64\bin;D:\curl-7.53.1\src;C:\Users\28906\AppData\Local\atom\bin;C:\ProgramData\chocolatey\bin;D:\node.js\;D:\golang\bin;G:\mygo\bin;D:\python\Scripts\;D:\python\;C:\Users\28906\AppData\Local\Microsoft\WindowsApps;D:\vsCode\Microsoft VS Code\bin;C:\Users\28906\AppData\Local\atom\bin;C:\Users\28906\AppData\Roaming\npm;%USERPROFILE%\AppData\Local\Microsoft\WindowsApps;

Yarn version: 
  1.5.1

Node version: 
  8.9.3

Platform: 
  win32 x64

npm manifest: 
  {
    "name": "winner",
    "version": "1.0.0",
    "description": "my answer demo",
    "main": "index.js",
    "author": "bobby",
    "license": "MIT",
    "scripts": {
      "start": "parcel index.html",
      "ai": "parcel ai.html",
      "perf": "parcel performance.html"
    },
    "dependencies": {
      "dot": "^1.1.2"
    },
    "devDependencies": {
      "lodash": "^4.17.5"
    }
  }

yarn manifest: 
  No manifest

Lockfile: 
  # THIS IS AN AUTOGENERATED FILE. DO NOT EDIT THIS FILE DIRECTLY.
  # yarn lockfile v1
  
  
  dot@^1.1.2:
    version "1.1.2"
    resolved "https://registry.yarnpkg.com/dot/-/dot-1.1.2.tgz#c7377019fc4e550798928b2b9afeb66abfa1f2f9"
  
  lodash@^4.17.5:
    version "4.17.5"
    resolved "https://registry.yarnpkg.com/lodash/-/lodash-4.17.5.tgz#99a92d65c0272debe8c96b6057bc8fbfa3bed511"

Trace: 
  Error: Command "performance" not found.
      at new MessageError (D:\node.js\node_modules\yarn\lib\cli.js:186:110)
      at D:\node.js\node_modules\yarn\lib\cli.js:87307:17
      at Generator.next (<anonymous>)
      at step (D:\node.js\node_modules\yarn\lib\cli.js:98:30)
      at D:\node.js\node_modules\yarn\lib\cli.js:116:14
      at new Promise (<anonymous>)
      at new F (D:\node.js\node_modules\yarn\lib\cli.js:23451:28)
      at D:\node.js\node_modules\yarn\lib\cli.js:95:12
      at runCommand (D:\node.js\node_modules\yarn\lib\cli.js:87312:22)
      at Object.<anonymous> (D:\node.js\node_modules\yarn\lib\cli.js:87412:14)
